<?xml version="1.0" encoding="UTF-8"?>
<!-- Generated by org.testng.reporters.JUnitReportReporter -->
<testsuite hostname="DESKTOP-OD8AU0G" failures="0" tests="1" name="mypackage.TestNGBasic" time="7.427" errors="0" timestamp="2024-08-05T08:54:36 IST" skipped="0">
  <testcase classname="mypackage.TestNGBasic" name="FitPeo" time="7.427"/>
  <system-out/>
</testsuite> <!-- mypackage.TestNGBasic -->
